#
# A fatal error has been detected by the Java Runtime Environment:
#
#  EXCEPTION_ACCESS_VIOLATION (0xc0000005) at pc=0x19416601, pid=8472, tid=11584
#
# JRE version: 6.0_37-b06
# Java VM: Java HotSpot(TM) Client VM (20.12-b01 mixed mode windows-x86 )
# Problematic frame:
# C  [jna4703641676160678804.dll+0x6601]
#
# If you would like to submit a bug report, please visit:
#   http://java.sun.com/webapps/bugreport/crash.jsp
# The crash happened outside the Java Virtual Machine in native code.
# See problematic frame for where to report the bug.
#

---------------  T H R E A D  ---------------

Current thread (0x02709c00):  JavaThread "main" [_thread_in_native, id=11584, stack(0x003a0000,0x003f0000)]

siginfo: ExceptionCode=0xc0000005, reading address 0x003b0a66

Registers:
EAX=0x003b0a66, EBX=0x14a43d00, ECX=0x02709d28, EDX=0x00000000
ESP=0x003ef050, EBP=0x003ef118, ESI=0x14a43d00, EDI=0x02709c00
EIP=0x19416601, EFLAGS=0x00010246

Top of Stack: (sp=0x003ef050)
0x003ef050:   769b0dd4 00000078 00000000 003ef074
0x003ef060:   6d933a42 00000078 6d8445fe 00000000
0x003ef070:   02706e00 003ef088 6d844818 18f7b660
0x003ef080:   0270a168 00000000 003ef0bc 6d844898
0x003ef090:   18f7b660 02706e60 0270a168 6d8d66c5
0x003ef0a0:   6da0c1f4 0270a620 00000003 00000000
0x003ef0b0:   6d863ca8 0270a170 000014d5 00000000
0x003ef0c0:   00000009 0270a5c8 194165e0 00000001 

Instructions: (pc=0x19416601)
0x194165e1:   31 c0 89 e5 81 ec c8 00 00 00 89 85 54 ff ff ff
0x194165f1:   a1 28 90 42 19 31 d2 85 c0 75 4c 8b 45 10 85 d2
0x19416601:   8b 00 89 85 54 ff ff ff 74 1d b8 dc 50 42 19 b9
0x19416611:   00 50 42 19 89 44 24 08 8b 45 08 89 4c 24 04 89 


Register to memory mapping:

EAX=0x003b0a66 is pointing into the stack for thread: 0x02709c00
EBX=0x14a43d00 is an oop
{method} 
 - klass: {other class}
ECX=0x02709d28 is an unknown value
EDX=0x00000000 is an unknown value
ESP=0x003ef050 is pointing into the stack for thread: 0x02709c00
EBP=0x003ef118 is pointing into the stack for thread: 0x02709c00
ESI=0x14a43d00 is an oop
{method} 
 - klass: {other class}
EDI=0x02709c00 is a thread


Stack: [0x003a0000,0x003f0000],  sp=0x003ef050,  free space=316k
Native frames: (J=compiled Java code, j=interpreted, Vv=VM code, C=native code)
C  [jna4703641676160678804.dll+0x6601]  Java_com_sun_jna_Native_getInt+0x21
j  com.sun.jna.Native.getInt(J)I+0
j  com.sun.jna.Pointer.getInt(J)I+6
v  ~StubRoutines::call_stub
V  [jvm.dll+0xfb7cb]
V  [jvm.dll+0x18d3d1]
V  [jvm.dll+0xfb84d]
V  [jvm.dll+0x96301]
V  [jvm.dll+0x9aacc]

Java frames: (J=compiled Java code, j=interpreted, Vv=VM code)
j  com.sun.jna.Native.getInt(J)I+0
j  com.sun.jna.Pointer.getInt(J)I+6
v  ~StubRoutines::call_stub
j  com.ljremote.server.driver.LJDriver.findLJ()Z+15
j  com.ljremote.server.driver.LJDriverTest.testFindLJ()V+9
v  ~StubRoutines::call_stub
j  sun.reflect.NativeMethodAccessorImpl.invoke0(Ljava/lang/reflect/Method;Ljava/lang/Object;[Ljava/lang/Object;)Ljava/lang/Object;+0
j  sun.reflect.NativeMethodAccessorImpl.invoke(Ljava/lang/Object;[Ljava/lang/Object;)Ljava/lang/Object;+87
j  sun.reflect.DelegatingMethodAccessorImpl.invoke(Ljava/lang/Object;[Ljava/lang/Object;)Ljava/lang/Object;+6
j  java.lang.reflect.Method.invoke(Ljava/lang/Object;[Ljava/lang/Object;)Ljava/lang/Object;+161
j  org.junit.runners.model.FrameworkMethod$1.runReflectiveCall()Ljava/lang/Object;+15
j  org.junit.internal.runners.model.ReflectiveCallable.run()Ljava/lang/Object;+1
j  org.junit.runners.model.FrameworkMethod.invokeExplosively(Ljava/lang/Object;[Ljava/lang/Object;)Ljava/lang/Object;+10
j  org.junit.internal.runners.statements.InvokeMethod.evaluate()V+12
j  org.junit.runners.ParentRunner.runLeaf(Lorg/junit/runners/model/Statement;Lorg/junit/runner/Description;Lorg/junit/runner/notification/RunNotifier;)V+17
j  org.junit.runners.BlockJUnit4ClassRunner.runChild(Lorg/junit/runners/model/FrameworkMethod;Lorg/junit/runner/notification/RunNotifier;)V+32
j  org.junit.runners.BlockJUnit4ClassRunner.runChild(Ljava/lang/Object;Lorg/junit/runner/notification/RunNotifier;)V+6
j  org.junit.runners.ParentRunner$3.run()V+12
j  org.junit.runners.ParentRunner$1.schedule(Ljava/lang/Runnable;)V+1
j  org.junit.runners.ParentRunner.runChildren(Lorg/junit/runner/notification/RunNotifier;)V+40
j  org.junit.runners.ParentRunner.access$000(Lorg/junit/runners/ParentRunner;Lorg/junit/runner/notification/RunNotifier;)V+2
j  org.junit.runners.ParentRunner$2.evaluate()V+8
j  org.junit.runners.ParentRunner.run(Lorg/junit/runner/notification/RunNotifier;)V+20
j  org.eclipse.jdt.internal.junit4.runner.JUnit4TestReference.run(Lorg/eclipse/jdt/internal/junit/runner/TestExecution;)V+72
j  org.eclipse.jdt.internal.junit.runner.TestExecution.run([Lorg/eclipse/jdt/internal/junit/runner/ITestReference;)V+17
j  org.eclipse.jdt.internal.junit.runner.RemoteTestRunner.runTests([Ljava/lang/String;Ljava/lang/String;Lorg/eclipse/jdt/internal/junit/runner/TestExecution;)V+61
j  org.eclipse.jdt.internal.junit.runner.RemoteTestRunner.runTests(Lorg/eclipse/jdt/internal/junit/runner/TestExecution;)V+10
j  org.eclipse.jdt.internal.junit.runner.RemoteTestRunner.run()V+70
j  org.eclipse.jdt.internal.junit.runner.RemoteTestRunner.main([Ljava/lang/String;)V+14
v  ~StubRoutines::call_stub

---------------  P R O C E S S  ---------------

Java Threads: ( => current thread )
  0x18ea0c00 JavaThread "ReaderThread" [_thread_in_native, id=8176, stack(0x19170000,0x191c0000)]
  0x18e59c00 JavaThread "Low Memory Detector" daemon [_thread_blocked, id=6960, stack(0x19050000,0x190a0000)]
  0x18e55c00 JavaThread "C1 CompilerThread0" daemon [_thread_blocked, id=9336, stack(0x18d70000,0x18dc0000)]
  0x00526c00 JavaThread "JDWP Command Reader" daemon [_thread_in_native, id=9956, stack(0x18ce0000,0x18d30000)]
  0x00525c00 JavaThread "JDWP Event Helper Thread" daemon [_thread_blocked, id=10848, stack(0x18c00000,0x18c50000)]
  0x00523000 JavaThread "JDWP Transport Listener: dt_socket" daemon [_thread_blocked, id=1908, stack(0x189d0000,0x18a20000)]
  0x00518400 JavaThread "Attach Listener" daemon [_thread_blocked, id=11068, stack(0x18830000,0x18880000)]
  0x00515400 JavaThread "Signal Dispatcher" daemon [_thread_blocked, id=11728, stack(0x187a0000,0x187f0000)]
  0x004e8000 JavaThread "Finalizer" daemon [_thread_blocked, id=1552, stack(0x18710000,0x18760000)]
  0x004e3800 JavaThread "Reference Handler" daemon [_thread_blocked, id=8136, stack(0x02660000,0x026b0000)]
=>0x02709c00 JavaThread "main" [_thread_in_native, id=11584, stack(0x003a0000,0x003f0000)]

Other Threads:
  0x004ddc00 VMThread [stack: 0x025d0000,0x02620000] [id=3540]
  0x18e65000 WatcherThread [stack: 0x190e0000,0x19130000] [id=8028]

VM state:not at safepoint (normal execution)

VM Mutex/Monitor currently owned by a thread: None

Heap
 def new generation   total 4928K, used 1567K [0x04710000, 0x04c60000, 0x09c60000)
  eden space 4416K,  27% used [0x04710000, 0x04842f10, 0x04b60000)
  from space 512K,  66% used [0x04be0000, 0x04c34fd8, 0x04c60000)
  to   space 512K,   0% used [0x04b60000, 0x04b60000, 0x04be0000)
 tenured generation   total 10944K, used 0K [0x09c60000, 0x0a710000, 0x14710000)
   the space 10944K,   0% used [0x09c60000, 0x09c60000, 0x09c60200, 0x0a710000)
 compacting perm gen  total 12288K, used 4367K [0x14710000, 0x15310000, 0x18710000)
   the space 12288K,  35% used [0x14710000, 0x14b53e58, 0x14b54000, 0x15310000)
No shared spaces configured.

Code Cache  [0x02710000, 0x027b8000, 0x04710000)
 total_blobs=256 nmethods=112 adapters=88 free_code_cache=32893376 largest_free_block=0

Dynamic libraries:
0x00400000 - 0x00425000 	C:\Program Files (x86)\Java\jre6\bin\javaw.exe
0x77880000 - 0x77a00000 	C:\Windows\SysWOW64\ntdll.dll
0x765e0000 - 0x766f0000 	C:\Windows\syswow64\kernel32.dll
0x769a0000 - 0x769e7000 	C:\Windows\syswow64\KERNELBASE.dll
0x76540000 - 0x765e0000 	C:\Windows\syswow64\ADVAPI32.dll
0x766f0000 - 0x7679c000 	C:\Windows\syswow64\msvcrt.dll
0x75020000 - 0x75039000 	C:\Windows\SysWOW64\sechost.dll
0x751a0000 - 0x75290000 	C:\Windows\syswow64\RPCRT4.dll
0x74f60000 - 0x74fc0000 	C:\Windows\syswow64\SspiCli.dll
0x74f50000 - 0x74f5c000 	C:\Windows\syswow64\CRYPTBASE.dll
0x76e10000 - 0x76f10000 	C:\Windows\syswow64\USER32.dll
0x76f30000 - 0x76fc0000 	C:\Windows\syswow64\GDI32.dll
0x76990000 - 0x7699a000 	C:\Windows\syswow64\LPK.dll
0x76be0000 - 0x76c7d000 	C:\Windows\syswow64\USP10.dll
0x75ee0000 - 0x75f40000 	C:\Windows\system32\IMM32.DLL
0x763d0000 - 0x7649c000 	C:\Windows\syswow64\MSCTF.dll
0x7c340000 - 0x7c396000 	C:\Program Files (x86)\Java\jre6\bin\msvcr71.dll
0x6d7f0000 - 0x6daa0000 	C:\Program Files (x86)\Java\jre6\bin\client\jvm.dll
0x72510000 - 0x72542000 	C:\Windows\system32\WINMM.dll
0x6faf0000 - 0x6fb3c000 	C:\Windows\system32\apphelp.dll
0x6d7a0000 - 0x6d7ac000 	C:\Program Files (x86)\Java\jre6\bin\verify.dll
0x6d320000 - 0x6d33f000 	C:\Program Files (x86)\Java\jre6\bin\java.dll
0x6d370000 - 0x6d399000 	C:\Program Files (x86)\Java\jre6\bin\jdwp.dll
0x6d690000 - 0x6d696000 	C:\Program Files (x86)\Java\jre6\bin\npt.dll
0x6d7e0000 - 0x6d7ef000 	C:\Program Files (x86)\Java\jre6\bin\zip.dll
0x6d200000 - 0x6d207000 	C:\Program Files (x86)\Java\jre6\bin\dt_socket.dll
0x76190000 - 0x761c5000 	C:\Windows\syswow64\WS2_32.dll
0x77850000 - 0x77856000 	C:\Windows\syswow64\NSI.dll
0x72080000 - 0x72090000 	C:\Windows\system32\NLAapi.dll
0x72060000 - 0x72070000 	C:\Windows\system32\napinsp.dll
0x72040000 - 0x72052000 	C:\Windows\system32\pnrpnsp.dll
0x72090000 - 0x720cc000 	C:\Windows\System32\mswsock.dll
0x71ff0000 - 0x72034000 	C:\Windows\system32\DNSAPI.dll
0x71fe0000 - 0x71fe8000 	C:\Windows\System32\winrnr.dll
0x71fb0000 - 0x71fd7000 	C:\Program Files (x86)\Common Files\Microsoft Shared\Windows Live\WLIDNSP.DLL
0x767a0000 - 0x767a5000 	C:\Windows\syswow64\PSAPI.DLL
0x761d0000 - 0x76227000 	C:\Windows\syswow64\SHLWAPI.dll
0x71ef0000 - 0x71f0c000 	C:\Windows\system32\IPHLPAPI.DLL
0x71ed0000 - 0x71ed7000 	C:\Windows\system32\WINNSI.DLL
0x71e90000 - 0x71ec8000 	C:\Windows\System32\fwpuclnt.dll
0x71e80000 - 0x71e86000 	C:\Windows\system32\rasadhlp.dll
0x72070000 - 0x72075000 	C:\Windows\System32\wshtcpip.dll
0x6d600000 - 0x6d613000 	C:\Program Files (x86)\Java\jre6\bin\net.dll
0x71200000 - 0x71206000 	C:\Windows\System32\wship6.dll
0x6d000000 - 0x6d14c000 	C:\Program Files (x86)\Java\jre6\bin\awt.dll
0x74e20000 - 0x74e71000 	C:\Windows\system32\WINSPOOL.DRV
0x75040000 - 0x7519c000 	C:\Windows\syswow64\ole32.dll
0x727e0000 - 0x7297e000 	C:\Windows\WinSxS\x86_microsoft.windows.common-controls_6595b64144ccf1df_6.0.7601.17514_none_41e6975e2bd6f2b2\COMCTL32.dll
0x725a0000 - 0x725b6000 	C:\Windows\system32\CRYPTSP.dll
0x72560000 - 0x7259b000 	C:\Windows\system32\rsaenh.dll
0x724e0000 - 0x724f7000 	C:\Windows\system32\USERENV.dll
0x724d0000 - 0x724db000 	C:\Windows\system32\profapi.dll
0x19410000 - 0x1944d000 	C:\Users\LYM\AppData\Local\Temp\jna-LYM\jna4703641676160678804.dll

VM Arguments:
jvm_args: -agentlib:jdwp=transport=dt_socket,suspend=y,address=localhost:49440 -Dfile.encoding=Cp1252 
java_command: org.eclipse.jdt.internal.junit.runner.RemoteTestRunner -version 3 -port 49439 -testLoaderClass org.eclipse.jdt.internal.junit4.runner.JUnit4TestLoader -loaderpluginname org.eclipse.jdt.junit4.runtime -classNames com.ljremote.server.driver.LJDriverTest
Launcher Type: SUN_STANDARD

Environment Variables:
JAVA_HOME=C:\Program Files (x86)\Java\jre6
CLASSPATH=;.;D:\DATA\Android\sign\testsign.jar
PATH=C:/Program Files (x86)/Java/jre6/bin/client;C:/Program Files (x86)/Java/jre6/bin;C:/Program Files (x86)/Java/jre6/lib/i386;C:\Program Files (x86)\NVIDIA Corporation\PhysX\Common;C:\Program Files\Common Files\Microsoft Shared\Windows Live;C:\Program Files (x86)\Common Files\Microsoft Shared\Windows Live;C:\Windows\system32;C:\Windows;C:\Windows\System32\Wbem;C:\Windows\System32\WindowsPowerShell\v1.0\;C:\Program Files\Lucidlogix Technologies\VIRTU;C:\Program Files (x86)\Windows Live\Shared;D:\GAME\Steam;C:\Program Files (x86)\Java\jre6\bin;.;D:\DATA\Android\android-sdk\tools;.;D:\DATA\Android\sign;H:\DATA\Android\eclipse;
USERNAME=LYM
OS=Windows_NT
PROCESSOR_IDENTIFIER=Intel64 Family 6 Model 42 Stepping 7, GenuineIntel



---------------  S Y S T E M  ---------------

OS: Windows 7 , 64 bit Build 7601 Service Pack 1

CPU:total 8 (4 cores per cpu, 2 threads per core) family 6 model 42 stepping 7, cmov, cx8, fxsr, mmx, sse, sse2, sse3, ssse3, sse4.1, sse4.2, popcnt, ht

Memory: 4k page, physical 8354900k(2698696k free), swap 8353048k(2759280k free)

vm_info: Java HotSpot(TM) Client VM (20.12-b01) for windows-x86 JRE (1.6.0_37-b06), built on Sep 24 2012 12:44:35 by "java_re" with MS VC++ 7.1 (VS2003)

time: Wed Nov 14 23:26:57 2012
elapsed time: 0 seconds

